<?xml version="1.0" encoding="UTF-8"?>
<testng-results ignored="0" total="1" passed="1" failed="0" skipped="0">
  <reporter-output>
  </reporter-output>
  <suite started-at="2025-08-10T11:21:53 IST" name="LoginSuite" finished-at="2025-08-10T11:21:56 IST" duration-ms="3578">
    <groups>
    </groups>
    <test started-at="2025-08-10T11:21:53 IST" name="LoginTest" finished-at="2025-08-10T11:21:56 IST" duration-ms="3578">
      <class name="tests.LoginTest">
        <test-method is-config="true" signature="setup()[pri:0, instance:tests.LoginTest@459e9125]" started-at="2025-08-10T11:21:53 IST" name="setup" finished-at="2025-08-10T11:21:55 IST" duration-ms="2773" status="PASS">
          <reporter-output>
          </reporter-output>
        </test-method> <!-- setup -->
        <test-method signature="testLogin()[pri:0, instance:tests.LoginTest@459e9125]" started-at="2025-08-10T11:21:55 IST" name="testLogin" finished-at="2025-08-10T11:21:56 IST" duration-ms="533" status="PASS">
          <reporter-output>
          </reporter-output>
        </test-method> <!-- testLogin -->
        <test-method is-config="true" signature="teardown()[pri:0, instance:tests.LoginTest@459e9125]" started-at="2025-08-10T11:21:56 IST" name="teardown" finished-at="2025-08-10T11:21:56 IST" duration-ms="232" status="PASS">
          <reporter-output>
          </reporter-output>
        </test-method> <!-- teardown -->
      </class> <!-- tests.LoginTest -->
    </test> <!-- LoginTest -->
  </suite> <!-- LoginSuite -->
</testng-results>
