<?xml version="1.0" encoding="UTF-8"?>
<testng-results ignored="0" total="1" passed="1" failed="0" skipped="0">
  <reporter-output>
  </reporter-output>
  <suite started-at="2025-08-10T13:50:48 IST" name="Default suite" finished-at="2025-08-10T13:50:53 IST" duration-ms="4863">
    <groups>
    </groups>
    <test started-at="2025-08-10T13:50:48 IST" name="Default test" finished-at="2025-08-10T13:50:53 IST" duration-ms="4863">
      <class name="tests.LoginTest">
        <test-method is-config="true" signature="setup()[pri:0, instance:tests.LoginTest@65fb9ffc]" started-at="2025-08-10T13:50:48 IST" name="setup" finished-at="2025-08-10T13:50:52 IST" duration-ms="3832" status="PASS">
          <reporter-output>
          </reporter-output>
        </test-method> <!-- setup -->
        <test-method signature="testLogin()[pri:0, instance:tests.LoginTest@65fb9ffc]" started-at="2025-08-10T13:50:52 IST" name="testLogin" finished-at="2025-08-10T13:50:52 IST" duration-ms="678" status="PASS">
          <reporter-output>
          </reporter-output>
        </test-method> <!-- testLogin -->
        <test-method is-config="true" signature="teardown()[pri:0, instance:tests.LoginTest@65fb9ffc]" started-at="2025-08-10T13:50:52 IST" name="teardown" finished-at="2025-08-10T13:50:53 IST" duration-ms="308" status="PASS">
          <reporter-output>
          </reporter-output>
        </test-method> <!-- teardown -->
      </class> <!-- tests.LoginTest -->
    </test> <!-- Default test -->
  </suite> <!-- Default suite -->
</testng-results>
